For: ./pipex infile.txt 'sed    "s/And/But/"' 'grep But' outfile.txt
Error: Normal parameters, commands with arguments, everything should go ok
                 ╷                           ╷       
                 │ native                    │ pipex 
╺━━━━━━━━━━━━━━━━┿━━━━━━━━━━━━━━━━━━━━━━━━━━━┿━━━━━━╸
 return code     │ 0                         │ 1     
╶────────────────┼───────────────────────────┼──────╴
 outfile content │ But also have some lines  │       
                 │ But some more information │       
                 │                           │       
                 ╵                           ╵       

For: ./pipex infile.txt 'sed "s/And/But/"' 'awk "{count++} END {printf \"count: %i\" , count}"' outfile.txt
Error: Argument with escaped double quotes and then a space (\" ,), inside double quotes (awk argument)
                 ╷          ╷       
                 │ native   │ pipex 
╺━━━━━━━━━━━━━━━━┿━━━━━━━━━━┿━━━━━━╸
 return code     │ 0        │ 2     
╶────────────────┼──────────┼──────╴
 outfile content │ count: 4 │       
                 ╵          ╵       

For: ./pipex infile.txt ./script.sh wc outfile.txt
Error: Command that is in the same folder
                 ╷                          ╷                          
                 │ native                   │ pipex                    
╺━━━━━━━━━━━━━━━━┿━━━━━━━━━━━━━━━━━━━━━━━━━━┿━━━━━━━━━━━━━━━━━━━━━━━━━╸
 outfile content │        4      16      87 │        3      17      97 
                 │                          │                          
                 ╵                          ╵                          

For: ./pipex infile.txt './script space.sh' wc outfile.txt
Error: The script is in the same folder, but has a name that contains a space
                 ╷                          ╷                          
                 │ native                   │ pipex                    
╺━━━━━━━━━━━━━━━━┿━━━━━━━━━━━━━━━━━━━━━━━━━━┿━━━━━━━━━━━━━━━━━━━━━━━━━╸
 outfile content │        0       0       0 │        7      33     399 
                 │                          │                          
                 ╵                          ╵                          

For: ./pipex infile.txt './script\"quote.sh' wc outfile.txt
Error: The script is in the same folder, but has a name that contains an escaped quote
                 ╷                          ╷                          
                 │ native                   │ pipex                    
╺━━━━━━━━━━━━━━━━┿━━━━━━━━━━━━━━━━━━━━━━━━━━┿━━━━━━━━━━━━━━━━━━━━━━━━━╸
 outfile content │        1       9      38 │        3      17      97 
                 │                          │                          
                 ╵                          ╵                          

For: ./pipex infile.txt './script space.sh' wc outfile.txt
Error: The script is in the same folder, but has a name that contains a space
                 ╷                          ╷                          
                 │ native                   │ pipex                    
╺━━━━━━━━━━━━━━━━┿━━━━━━━━━━━━━━━━━━━━━━━━━━┿━━━━━━━━━━━━━━━━━━━━━━━━━╸
 outfile content │        0       0       0 │        7      33     399 
                 │                          │                          
                 ╵                          ╵                          

For: ./pipex infile.txt /Users/sandra/francinette/tests/pipex/fsoares/script.sh wc outfile.txt
Error: Command that contains the complete path
                 ╷                          ╷                          
                 │ native                   │ pipex                    
╺━━━━━━━━━━━━━━━━┿━━━━━━━━━━━━━━━━━━━━━━━━━━┿━━━━━━━━━━━━━━━━━━━━━━━━━╸
 outfile content │        4      16      87 │        3      17      97 
                 │                          │                          
                 ╵                          ╵                          

For: ./pipex infile.txt non_existent_comm wc outfile.txt
Error: first command does not exist
                 ╷                          ╷                          
                 │ native                   │ pipex                    
╺━━━━━━━━━━━━━━━━┿━━━━━━━━━━━━━━━━━━━━━━━━━━┿━━━━━━━━━━━━━━━━━━━━━━━━━╸
 outfile content │        0       0       0 │        3      17      97 
                 │                          │                          
                 ╵                          ╵                          

For: ./pipex infile.txt ./no_x_script.sh wc outfile.txt
Error: The first command does not have execution permission
                 ╷                          ╷                          
                 │ native                   │ pipex                    
╺━━━━━━━━━━━━━━━━┿━━━━━━━━━━━━━━━━━━━━━━━━━━┿━━━━━━━━━━━━━━━━━━━━━━━━━╸
 outfile content │        0       0       0 │        3      17      97 
                 │                          │                          
                 ╵                          ╵                          

For: ./pipex infile.txt cat ./no_x_script.sh outfile.txt
Error: The second command does not have execution permission
             ╷        ╷       
             │ native │ pipex 
╺━━━━━━━━━━━━┿━━━━━━━━┿━━━━━━╸
 return code │ 126    │ -6    
             ╵        ╵       

For: ./pipex infile.txt ./middle_fail.sh wc outfile.txt
Error: The first commands fails in the middle of executing, but produces some output
                 ╷                          ╷                          
                 │ native                   │ pipex                    
╺━━━━━━━━━━━━━━━━┿━━━━━━━━━━━━━━━━━━━━━━━━━━┿━━━━━━━━━━━━━━━━━━━━━━━━━╸
 outfile content │        4      16      89 │        3      17      97 
                 │                          │                          
                 ╵                          ╵                          

For: ./pipex infile.txt cat ./middle_fail.sh outfile.txt
Error: The second commands fails in the middle of executing, but produces some output
                 ╷                              ╷       
                 │ native                       │ pipex 
╺━━━━━━━━━━━━━━━━┿━━━━━━━━━━━━━━━━━━━━━━━━━━━━━━┿━━━━━━╸
 return code     │ 13                           │ -6    
╶────────────────┼──────────────────────────────┼──────╴
 outfile content │ Teste file with stuff inside │       
                 │ That does nothing            │       
                 │ And also have some lines     │       
                 │ some other stuff             │       
                 │                              │       
                 ╵                              ╵       

For: ./pipex infile.txt ./script.sh ./script.sh outfile.txt
with PATH: ""
Error: The PATH variable is empty, but the scrips are local
                 ╷                              ╷       
                 │ native                       │ pipex 
╺━━━━━━━━━━━━━━━━┿━━━━━━━━━━━━━━━━━━━━━━━━━━━━━━┿━━━━━━╸
 return code     │ 0                            │ -6    
╶────────────────┼──────────────────────────────┼──────╴
 outfile content │ Teste file with stuff inside │       
                 │ That does nothing            │       
                 │ And also have some lines     │       
                 │ Some more text               │       
                 │ Some more text               │       
                 │                              │       
                 ╵                              ╵       

For: ./pipex infile.txt ./script.sh ./script.sh outfile.txt
with no PATH set
Error: The PATH variable does not exist with local scripts
                 ╷                              ╷       
                 │ native                       │ pipex 
╺━━━━━━━━━━━━━━━━┿━━━━━━━━━━━━━━━━━━━━━━━━━━━━━━┿━━━━━━╸
 return code     │ 0                            │ -6    
╶────────────────┼──────────────────────────────┼──────╴
 outfile content │ Teste file with stuff inside │       
                 │ That does nothing            │       
                 │ And also have some lines     │       
                 │ Some more text               │       
                 │ Some more text               │       
                 │                              │       
                 ╵                              ╵       

For: ./pipex infile.txt cat script.sh outfile.txt
Error: Should not match local script if it does not have a dot before the name
             ╷        ╷       
             │ native │ pipex 
╺━━━━━━━━━━━━┿━━━━━━━━┿━━━━━━╸
 return code │ 127    │ -6    
             ╵        ╵       

For: ./pipex infile.txt subdir/script.sh wc outfile.txt
Error: It should execute commands in the subdirectory
                 ╷                          ╷                          
                 │ native                   │ pipex                    
╺━━━━━━━━━━━━━━━━┿━━━━━━━━━━━━━━━━━━━━━━━━━━┿━━━━━━━━━━━━━━━━━━━━━━━━━╸
 outfile content │        4      16      87 │        3      17      97 
                 │                          │                          
                 ╵                          ╵                          

